<?xml version="1.0" encoding="UTF-8"?>
<!-- Generated by org.testng.reporters.JUnitReportReporter -->
<testsuite skipped="0" hostname="DESKTOP-QBA990P" name="com.qa.halfords.test.LoginPageTest" tests="3" failures="0" timestamp="16 Jan 2021 03:44:00 GMT" time="88.674" errors="0">
  <testcase name="LoginPageTitleTest" time="24.418" classname="com.qa.halfords.test.LoginPageTest"/>
  <testcase name="HalfordslogoImageTest" time="24.490" classname="com.qa.halfords.test.LoginPageTest"/>
  <testcase name="signInPageTest" time="39.766" classname="com.qa.halfords.test.LoginPageTest"/>
</testsuite> <!-- com.qa.halfords.test.LoginPageTest -->
